  Parsing headers for Plugin_MakerEditor
    Running UnrealHeaderTool "E:\work\PluginStudy\Plugin_Maker\Plugin_Maker.uproject" "E:\work\PluginStudy\Plugin_Maker\Intermediate\Build\Win64\Plugin_MakerEditor\Development\Plugin_MakerEditor.uhtmanifest" -LogCmds="loginit warning, logexit warning, logdatabase error" -Unattended -WarningsAsErrors -abslog="D:\work\ProjectG\Engine\UE425\Engine\Programs\UnrealBuildTool\Log_UHT.txt"
  Reflection code generated for Plugin_MakerEditor in 4.308176 seconds
  Building Plugin_MakerEditor and ShaderCompileWorker...
  Using Visual Studio 2019 14.26.28806 toolchain (C:\Program Files (x86)\Microsoft Visual Studio\2019\Community\VC\Tools\MSVC\14.26.28801) and Windows 10.0.18362.0 SDK (C:\Program Files (x86)\Windows Kits\10).
  Distributing 8 actions to XGE
  --------------------Build System Warning---------------------------------------
  Failed to connect to Coordinator:
      All builds will run in standalone mode.
  
  -------------------------------------------------------------------------------
  --------------------Project: Default-------------------------------------------
  ** For Plugin_MakerEditor-Win64-Development **
  UE4Editor-Plugin_Maker-0005.dll (0:00.73 at +0:00)
     Creating library E:\work\PluginStudy\Plugin_Maker\Intermediate\Build\Win64\UE4Editor\Development\Plugin_Maker\UE4Editor-Plugin_Maker-0005.suppressed.lib and object E:\work\PluginStudy\Plugin_Maker\Intermediate\Build\Win64\UE4Editor\Development\Plugin_Maker\UE4Editor-Plugin_Maker-0005.suppressed.exp
  UniqsUtilities.init.gen.cpp (0:00.90 at +0:00)
  UniqsBlueprintUtilities.gen.cpp (0:00.87 at +0:00)
  UniqsBlueprintUtilities.cpp (0:00.89 at +0:00)
E:\work\PluginStudy\Plugin_Maker\Source\UniqsUtilities\Private\UniqsBlueprintUtilities.cpp(16): warning C4996: 'UEngine::GetWorldFromContextObject': GetWorldFromContextObject(Object) and GetWorldFromContextObject(Object, boolean) are replaced by GetWorldFromContextObject(Object, Enum) or GetWorldFromContextObjectChecked(Object) Please update your code to the new API before upgrading to the next release, otherwise your project will no longer compile.
E:\work\PluginStudy\Plugin_Maker\Source\UniqsUtilities\Private\UniqsBlueprintUtilities.cpp(37): warning C4996: 'UEngine::GetWorldFromContextObject': GetWorldFromContextObject(Object) and GetWorldFromContextObject(Object, boolean) are replaced by GetWorldFromContextObject(Object, Enum) or GetWorldFromContextObjectChecked(Object) Please update your code to the new API before upgrading to the next release, otherwise your project will no longer compile.
E:\work\PluginStudy\Plugin_Maker\Source\UniqsUtilities\Private\UniqsBlueprintUtilities.cpp(75): warning C4996: 'UEngine::GetWorldFromContextObject': GetWorldFromContextObject(Object) and GetWorldFromContextObject(Object, boolean) are replaced by GetWorldFromContextObject(Object, Enum) or GetWorldFromContextObjectChecked(Object) Please update your code to the new API before upgrading to the next release, otherwise your project will no longer compile.
  UE4Editor-Plugin_Maker-0005.lib (0:00.23 at +0:00)
     Creating library E:\work\PluginStudy\Plugin_Maker\Intermediate\Build\Win64\UE4Editor\Development\Plugin_Maker\UE4Editor-Plugin_Maker-0005.lib and object E:\work\PluginStudy\Plugin_Maker\Intermediate\Build\Win64\UE4Editor\Development\Plugin_Maker\UE4Editor-Plugin_Maker-0005.exp
  UE4Editor-UniqsUtilities-0005.lib (0:00.15 at +0:00)
     Creating library E:\work\PluginStudy\Plugin_Maker\Intermediate\Build\Win64\UE4Editor\Development\UniqsUtilities\UE4Editor-UniqsUtilities-0005.lib and object E:\work\PluginStudy\Plugin_Maker\Intermediate\Build\Win64\UE4Editor\Development\UniqsUtilities\UE4Editor-UniqsUtilities-0005.exp
  UE4Editor-UniqsUtilities-0005.dll (0:00.60 at +0:00)
     Creating library E:\work\PluginStudy\Plugin_Maker\Intermediate\Build\Win64\UE4Editor\Development\UniqsUtilities\UE4Editor-UniqsUtilities-0005.suppressed.lib and object E:\work\PluginStudy\Plugin_Maker\Intermediate\Build\Win64\UE4Editor\Development\UniqsUtilities\UE4Editor-UniqsUtilities-0005.suppressed.exp
  Plugin_MakerEditor.target (0:00.20 at +0:01)
  ---------------------- Done ----------------------
  
      Rebuild All: 1 succeeded, 0 failed, 0 skipped
  
  1 build system warning(s):
     - Failed to connect to Coordinator
  
  Total time in XGE executor: 2.06 seconds
  Total execution time: 7.34 seconds
